<?xml version="1.0" encoding="UTF-8"?>
<testng-results ignored="0" total="1" passed="1" failed="0" skipped="0">
  <reporter-output>
  </reporter-output>
  <suite started-at="2022-06-21T21:19:44 IST" name="Default suite" finished-at="2022-06-21T21:20:49 IST" duration-ms="65377">
    <groups>
    </groups>
    <test started-at="2022-06-21T21:19:44 IST" name="Default test" finished-at="2022-06-21T21:20:49 IST" duration-ms="65377">
      <class name="com.testScript.HyperLink">
        <test-method signature="hyperlink()[pri:0, instance:com.testScript.HyperLink@6a400542]" started-at="2022-06-21T21:19:44 IST" name="hyperlink" finished-at="2022-06-21T21:20:49 IST" duration-ms="65304" status="PASS">
          <reporter-output>
          </reporter-output>
        </test-method> <!-- hyperlink -->
      </class> <!-- com.testScript.HyperLink -->
    </test> <!-- Default test -->
  </suite> <!-- Default suite -->
</testng-results>
